This is pdfTeX, Version 3.1415926-2.3-1.40.12 (MiKTeX 2.9) (preloaded format=pdflatex 2012.10.8)  8 JUL 2013 12:18
entering extended mode
**thesis.tex
(C:\Users\Will\Documents\Thesis\thesis.tex
LaTeX2e <2011/06/27>
Babel <v3.8m> and hyphenation patterns for english, afrikaans, ancientgreek, ar
abic, armenian, assamese, basque, bengali, bokmal, bulgarian, catalan, coptic, 
croatian, czech, danish, dutch, esperanto, estonian, farsi, finnish, french, ga
lician, german, german-x-2009-06-19, greek, gujarati, hindi, hungarian, iceland
ic, indonesian, interlingua, irish, italian, kannada, kurmanji, lao, latin, lat
vian, lithuanian, malayalam, marathi, mongolian, mongolianlmc, monogreek, ngerm
an, ngerman-x-2009-06-19, nynorsk, oriya, panjabi, pinyin, polish, portuguese, 
romanian, russian, sanskrit, serbian, slovak, slovenian, spanish, swedish, swis
sgerman, tamil, telugu, turkish, turkmen, ukenglish, ukrainian, uppersorbian, u
senglishmax, welsh, loaded.
(C:\Users\Will\Documents\Thesis\beavtex.cls
Document Class: beavtex 2011/10/01 v1.0 BeavTeX: OSU thesis class
(C:\Users\Will\AppData\Roaming\MiKTeX\2.9\tex\latex\setspace\setspace.sty
Package: setspace 2011/12/19 v6.7a set line spacing
)
("C:\Program Files (x86)\MiKTeX 2.9\tex\latex\base\ifthen.sty"
Package: ifthen 2001/05/26 v1.1c Standard LaTeX ifthen package (DPC)
)
(C:\Users\Will\AppData\Roaming\MiKTeX\2.9\tex\latex\ulem\ulem.sty
\UL@box=\box26
\UL@hyphenbox=\box27
\UL@skip=\skip41
\UL@hook=\toks14
\UL@height=\dimen102
\UL@pe=\count79
\UL@pixel=\dimen103
\ULC@box=\box28
Package: ulem 2012/05/18
\ULdepth=\dimen104
)
("C:\Program Files (x86)\MiKTeX 2.9\tex\latex\base\book.cls"
Document Class: book 2007/10/19 v1.4h Standard LaTeX document class
("C:\Program Files (x86)\MiKTeX 2.9\tex\latex\base\bk11.clo"
File: bk11.clo 2007/10/19 v1.4h Standard LaTeX file (size option)
)
\c@part=\count80
\c@chapter=\count81
\c@section=\count82
\c@subsection=\count83
\c@subsubsection=\count84
\c@paragraph=\count85
\c@subparagraph=\count86
\c@figure=\count87
\c@table=\count88
\abovecaptionskip=\skip42
\belowcaptionskip=\skip43
\bibindent=\dimen105
))
(C:\Users\Will\AppData\Roaming\MiKTeX\2.9\tex\latex\algorithmicx\algorithmicx.s
ty
Package: algorithmicx 2005/04/27 v1.2 Algorithmicx

Document Style algorithmicx 1.2 - a greatly improved `algorithmic' style
\c@ALG@line=\count89
\c@ALG@rem=\count90
\c@ALG@nested=\count91
\ALG@tlm=\skip44
\ALG@thistlm=\skip45
\c@ALG@Lnr=\count92
\c@ALG@blocknr=\count93
\c@ALG@storecount=\count94
\c@ALG@tmpcounter=\count95
\ALG@tmplength=\skip46
)
(C:\Users\Will\AppData\Roaming\MiKTeX\2.9\tex\latex\algorithmicx\algpseudocode.
sty
Package: algpseudocode 

Document Style - pseudocode environments for use with the `algorithmicx' style
) (C:\Users\Will\AppData\Roaming\MiKTeX\2.9\tex\latex\algorithms\algorithm.sty
Package: algorithm 2009/08/24 v0.1 Document Style `algorithm' - floating enviro
nment

("C:\Program Files (x86)\MiKTeX 2.9\tex\latex\float\float.sty"
Package: float 2001/11/08 v1.3d Float enhancements (AL)
\c@float@type=\count96
\float@exts=\toks15
\float@box=\box29
\@float@everytoks=\toks16
\@floatcapt=\box30
)
\@float@every@algorithm=\toks17
\c@algorithm=\count97
)
("C:\Program Files (x86)\MiKTeX 2.9\tex\latex\graphics\graphicx.sty"
Package: graphicx 1999/02/16 v1.0f Enhanced LaTeX Graphics (DPC,SPQR)

("C:\Program Files (x86)\MiKTeX 2.9\tex\latex\graphics\keyval.sty"
Package: keyval 1999/03/16 v1.13 key=value parser (DPC)
\KV@toks@=\toks18
)
("C:\Program Files (x86)\MiKTeX 2.9\tex\latex\graphics\graphics.sty"
Package: graphics 2009/02/05 v1.0o Standard LaTeX Graphics (DPC,SPQR)

("C:\Program Files (x86)\MiKTeX 2.9\tex\latex\graphics\trig.sty"
Package: trig 1999/03/16 v1.09 sin cos tan (DPC)
)
("C:\Program Files (x86)\MiKTeX 2.9\tex\latex\00miktex\graphics.cfg"
File: graphics.cfg 2007/01/18 v1.5 graphics configuration of teTeX/TeXLive
)
Package graphics Info: Driver file: pdftex.def on input line 91.

("C:\Program Files (x86)\MiKTeX 2.9\tex\latex\pdftex-def\pdftex.def"
File: pdftex.def 2011/05/27 v0.06d Graphics/color for pdfTeX

("C:\Program Files (x86)\MiKTeX 2.9\tex\generic\oberdiek\infwarerr.sty"
Package: infwarerr 2010/04/08 v1.3 Providing info/warning/error messages (HO)
)
("C:\Program Files (x86)\MiKTeX 2.9\tex\generic\oberdiek\ltxcmds.sty"
Package: ltxcmds 2011/11/09 v1.22 LaTeX kernel commands for general use (HO)
)
\Gread@gobject=\count98
))
\Gin@req@height=\dimen106
\Gin@req@width=\dimen107
)
("C:\Program Files (x86)\MiKTeX 2.9\tex\latex\ams\math\amsmath.sty"
Package: amsmath 2000/07/18 v2.13 AMS math features
\@mathmargin=\skip47

For additional information on amsmath, use the `?' option.
("C:\Program Files (x86)\MiKTeX 2.9\tex\latex\ams\math\amstext.sty"
Package: amstext 2000/06/29 v2.01

("C:\Program Files (x86)\MiKTeX 2.9\tex\latex\ams\math\amsgen.sty"
File: amsgen.sty 1999/11/30 v2.0
\@emptytoks=\toks19
\ex@=\dimen108
))
("C:\Program Files (x86)\MiKTeX 2.9\tex\latex\ams\math\amsbsy.sty"
Package: amsbsy 1999/11/29 v1.2d
\pmbraise@=\dimen109
)
("C:\Program Files (x86)\MiKTeX 2.9\tex\latex\ams\math\amsopn.sty"
Package: amsopn 1999/12/14 v2.01 operator names
)
\inf@bad=\count99
LaTeX Info: Redefining \frac on input line 211.
\uproot@=\count100
\leftroot@=\count101
LaTeX Info: Redefining \overline on input line 307.
\classnum@=\count102
\DOTSCASE@=\count103
LaTeX Info: Redefining \ldots on input line 379.
LaTeX Info: Redefining \dots on input line 382.
LaTeX Info: Redefining \cdots on input line 467.
\Mathstrutbox@=\box31
\strutbox@=\box32
\big@size=\dimen110
LaTeX Font Info:    Redeclaring font encoding OML on input line 567.
LaTeX Font Info:    Redeclaring font encoding OMS on input line 568.
\macc@depth=\count104
\c@MaxMatrixCols=\count105
\dotsspace@=\muskip10
\c@parentequation=\count106
\dspbrk@lvl=\count107
\tag@help=\toks20
\row@=\count108
\column@=\count109
\maxfields@=\count110
\andhelp@=\toks21
\eqnshift@=\dimen111
\alignsep@=\dimen112
\tagshift@=\dimen113
\tagwidth@=\dimen114
\totwidth@=\dimen115
\lineht@=\dimen116
\@envbody=\toks22
\multlinegap=\skip48
\multlinetaggap=\skip49
\mathdisplay@stack=\toks23
LaTeX Info: Redefining \[ on input line 2666.
LaTeX Info: Redefining \] on input line 2667.
)
(C:\Users\Will\Documents\Thesis\thesis.aux)
LaTeX Font Info:    Checking defaults for OML/cmm/m/it on input line 36.
LaTeX Font Info:    ... okay on input line 36.
LaTeX Font Info:    Checking defaults for T1/cmr/m/n on input line 36.
LaTeX Font Info:    ... okay on input line 36.
LaTeX Font Info:    Checking defaults for OT1/cmr/m/n on input line 36.
LaTeX Font Info:    ... okay on input line 36.
LaTeX Font Info:    Checking defaults for OMS/cmsy/m/n on input line 36.
LaTeX Font Info:    ... okay on input line 36.
LaTeX Font Info:    Checking defaults for OMX/cmex/m/n on input line 36.
LaTeX Font Info:    ... okay on input line 36.
LaTeX Font Info:    Checking defaults for U/cmr/m/n on input line 36.
LaTeX Font Info:    ... okay on input line 36.

(C:\Users\Will\AppData\Roaming\MiKTeX\2.9\tex\context\base\supp-pdf.mkii
[Loading MPS to PDF converter (version 2006.09.02).]
\scratchcounter=\count111
\scratchdimen=\dimen117
\scratchbox=\box33
\nofMPsegments=\count112
\nofMParguments=\count113
\everyMPshowfont=\toks24
\MPscratchCnt=\count114
\MPscratchDim=\dimen118
\MPnumerator=\count115
\makeMPintoPDFobject=\count116
\everyMPtoPDFconversion=\toks25
) [1

] [2{C:/Users/Will/AppData/Local/MiKTeX/2.9/pdftex/config/pdftex.map}]
[3]
LaTeX Font Info:    Try loading font information for OMS+cmr on input line 37.
 ("C:\Program Files (x86)\MiKTeX 2.9\tex\latex\base\omscmr.fd"
File: omscmr.fd 1999/05/25 v2.5h Standard LaTeX font definitions
)
LaTeX Font Info:    Font shape `OMS/cmr/m/n' in size <10.95> not available
(Font)              Font shape `OMS/cmsy/m/n' tried instead on input line 37.
 [4

] [5

]
[6

] [7

] (C:\Users\Will\Documents\Thesis\thesis.toc
Overfull \hbox (2.43333pt too wide) has occurred while \output is active
$[]$ 
 []

[8


])
\tf@toc=\write3

Overfull \hbox (2.43333pt too wide) has occurred while \output is active
$[]$ 
 []

[9] (C:\Users\Will\Documents\Thesis\thesis.lof
Overfull \hbox (2.43333pt too wide) has occurred while \output is active
$[]$ 
 []

[10

])
\tf@lof=\write4

Overfull \hbox (2.43333pt too wide) has occurred while \output is active
$[]$ 
 []

[11] (C:\Users\Will\Documents\Thesis\thesis.lot)
\tf@lot=\write5

Overfull \hbox (2.43333pt too wide) has occurred while \output is active
$[]$ 
 []

[12

] (C:\Users\Will\Documents\Thesis\thesis.loa)
\tf@loa=\write6
 [13

]
(C:\Users\Will\Documents\Thesis\thesis.loap)
\tf@loap=\write7

(C:\Users\Will\Documents\Thesis\thesis.loaf)
\tf@loaf=\write8

(C:\Users\Will\Documents\Thesis\thesis.loat)
\tf@loat=\write9

Chapter 1.
[1





] [2] [3] [4]
Chapter 2.
[5

] [6] [7] [8] [9] [10] [11] [12] [13] [14] [15] [16] [17]
Chapter 3.
[18

] [19] [20] [21] [22]

LaTeX Warning: No positions in optional float specifier.
               Default added (so using `tbp') on input line 373.

<delayPower.png, id=127, 1052.93375pt x 714.67pt>
File: delayPower.png Graphic file (type png)
 <use delayPower.png>
Package pdftex.def Info: delayPower.png used on input line 375.
(pdftex.def)             Requested size: 314.37465pt x 213.37758pt.

<congestionPower.png, id=129, 1052.93375pt x 714.67pt>
File: congestionPower.png Graphic file (type png)

<use congestionPower.png>
Package pdftex.def Info: congestionPower.png used on input line 376.
(pdftex.def)             Requested size: 314.37465pt x 213.37758pt.
 [23] [24 <C:/Users/Will/Documents/Thesis/delayPower.png> <C:/Users/Will/Docume
nts/Thesis/congestionPower.png>] [25]

LaTeX Warning: No positions in optional float specifier.
               Default added (so using `tbp') on input line 405.

<LearningCycle.png, id=142, 612.78937pt x 172.39406pt>
File: LearningCycle.png Graphic file (type png)
 <use LearningCycle.png>
Package pdftex.def Info: LearningCycle.png used on input line 407.
(pdftex.def)             Requested size: 419.16621pt x 117.9235pt.

[26 <C:/Users/Will/Documents/Thesis/LearningCycle.png>] [27] [28]
Overfull \hbox (23.34196pt too wide) in paragraph at lines 457--458
[]\OT1/cmr/m/n/10.95 In the ATFMP we used two par-ti-tion-ing meth-ods; first, 
we make the once computationally-
 []

[29] [30]
Chapter 4.
[31

] [32] [33] [34] [35] [36] [37] [38]
Chapter 5.
[39

] [40]

LaTeX Warning: No positions in optional float specifier.
               Default added (so using `tbp') on input line 648.

<ClusterVsNoClusterNonGreedy-Delay.png, id=191, 1052.93375pt x 714.67pt>
File: ClusterVsNoClusterNonGreedy-Delay.png Graphic file (type png)

<use ClusterVsNoClusterNonGreedy-Delay.png>
Package pdftex.def Info: ClusterVsNoClusterNonGreedy-Delay.png used on input li
ne 650.
(pdftex.def)             Requested size: 314.37465pt x 213.37758pt.

<ClusterVsNoClusterNonGreedy.png, id=192, 1052.93375pt x 714.67pt>
File: ClusterVsNoClusterNonGreedy.png Graphic file (type png)

<use ClusterVsNoClusterNonGreedy.png>
Package pdftex.def Info: ClusterVsNoClusterNonGreedy.png used on input line 651
.
(pdftex.def)             Requested size: 314.37465pt x 213.37758pt.
 [41] [42 <C:/Users/Will/Documents/Thesis/ClusterVsNoClusterNonGreedy-Delay.png
> <C:/Users/Will/Documents/Thesis/ClusterVsNoClusterNonGreedy.png>]

LaTeX Warning: No positions in optional float specifier.
               Default added (so using `tbp') on input line 671.

<ClusterRewardsGreedyG.png, id=202, 1052.93375pt x 714.67pt>
File: ClusterRewardsGreedyG.png Graphic file (type png)

<use ClusterRewardsGreedyG.png>
Package pdftex.def Info: ClusterRewardsGreedyG.png used on input line 673.
(pdftex.def)             Requested size: 419.16621pt x 284.51071pt.

<ATFMPOldDvsGreedy.png, id=203, 1052.93375pt x 714.67pt>
File: ATFMPOldDvsGreedy.png Graphic file (type png)

<use ATFMPOldDvsGreedy.png>
Package pdftex.def Info: ATFMPOldDvsGreedy.png used on input line 684.
(pdftex.def)             Requested size: 419.16621pt x 284.51071pt.
 [43] [44 <C:/Users/Will/Documents/Thesis/ClusterRewardsGreedyG.png>] [45 <C:/U
sers/Will/Documents/Thesis/ATFMPOldDvsGreedy.png>]
Overfull \hbox (14.63858pt too wide) in paragraph at lines 697--717
[][] 
 []

[46] [47] <BarProblemNewPartitions.png, id=221, 1052.93375pt x 714.67pt>
File: BarProblemNewPartitions.png Graphic file (type png)

<use BarProblemNewPartitions.png>
Package pdftex.def Info: BarProblemNewPartitions.png used on input line 736.
(pdftex.def)             Requested size: 419.16621pt x 284.51071pt.

Overfull \hbox (14.63858pt too wide) in paragraph at lines 742--769
[][] 
 []

[48] [49 <C:/Users/Will/Documents/Thesis/BarProblemNewPartitions.png>]
<BarProblemComparison.png, id=230, 1052.93375pt x 714.67pt>
File: BarProblemComparison.png Graphic file (type png)

<use BarProblemComparison.png>
Package pdftex.def Info: BarProblemComparison.png used on input line 779.
(pdftex.def)             Requested size: 419.16621pt x 284.51071pt.
 [50 <C:/Users/Will/Documents/Thesis/BarProblemComparison.png>] <ATFMPNewvsGree
dy.png, id=235, 1052.93375pt x 714.67pt>
File: ATFMPNewvsGreedy.png Graphic file (type png)

<use ATFMPNewvsGreedy.png>
Package pdftex.def Info: ATFMPNewvsGreedy.png used on input line 799.
(pdftex.def)             Requested size: 419.16621pt x 284.51071pt.
 [51] [52 <C:/Users/Will/Documents/Thesis/ATFMPNewvsGreedy.png>] <NewPartitionC
omparisons.png, id=243, 1052.93375pt x 714.67pt>
File: NewPartitionComparisons.png Graphic file (type png)

<use NewPartitionComparisons.png>
Package pdftex.def Info: NewPartitionComparisons.png used on input line 812.
(pdftex.def)             Requested size: 419.16621pt x 284.51071pt.
 [53] [54 <C:/Users/Will/Documents/Thesis/NewPartitionComparisons.png>]
<Self-SimOldvsSelf-SimNew.png, id=252, 1052.93375pt x 714.67pt>
File: Self-SimOldvsSelf-SimNew.png Graphic file (type png)

<use Self-SimOldvsSelf-SimNew.png>
Package pdftex.def Info: Self-SimOldvsSelf-SimNew.png used on input line 835.
(pdftex.def)             Requested size: 419.16621pt x 284.51071pt.
 [55 <C:/Users/Will/Documents/Thesis/Self-SimOldvsSelf-SimNew.png>] [56]
<FinalOldvsFinalNew.png, id=260, 1052.93375pt x 714.67pt>
File: FinalOldvsFinalNew.png Graphic file (type png)

<use FinalOldvsFinalNew.png>
Package pdftex.def Info: FinalOldvsFinalNew.png used on input line 854.
(pdftex.def)             Requested size: 419.16621pt x 284.51071pt.

<OldvsNewAvgSize.png, id=261, 1052.93375pt x 714.67pt>
File: OldvsNewAvgSize.png Graphic file (type png)

<use OldvsNewAvgSize.png>
Package pdftex.def Info: OldvsNewAvgSize.png used on input line 861.
(pdftex.def)             Requested size: 419.16621pt x 284.51071pt.

<ATFMPPerformancevsAvgSize.png, id=262, 1052.93375pt x 714.67pt>
File: ATFMPPerformancevsAvgSize.png Graphic file (type png)

<use ATFMPPerformancevsAvgSize.png>
Package pdftex.def Info: ATFMPPerformancevsAvgSize.png used on input line 868.
(pdftex.def)             Requested size: 419.16621pt x 284.51071pt.
 [57] [58 <C:/Users/Will/Documents/Thesis/FinalOldvsFinalNew.png>] [59 <C:/User
s/Will/Documents/Thesis/OldvsNewAvgSize.png>] [60 <C:/Users/Will/Documents/Thes
is/ATFMPPerformancevsAvgSize.png>]
Chapter 6.
[61

] (C:\Users\Will\Documents\Thesis\thesis.bbl [62]
Missing character: There is no ‚ in font cmti10!
Missing character: There is no Ä in font cmti10!
Missing character: There is no ì in font cmti10!
 [63

] [64]
Missing character: There is no ‚ in font cmr10!
Missing character: There is no Ä in font cmr10!
Missing character: There is no ì in font cmr10!
Missing character: There is no Ô in font cmti10!
Missing character: There is no ¨ in font cmti10!
Missing character: There is no Å in font cmti10!
 [65] [66])
[67] [68

] (C:\Users\Will\Documents\Thesis\thesis.aux)

LaTeX Warning: Label(s) may have changed. Rerun to get cross-references right.

 ) 
Here is how much of TeX's memory you used:
 2815 strings out of 494045
 38587 string characters out of 3145972
 101099 words of memory out of 3000000
 6059 multiletter control sequences out of 15000+200000
 8711 words of font info for 32 fonts, out of 3000000 for 9000
 715 hyphenation exceptions out of 8191
 27i,16n,21p,1342b,287s stack positions out of 5000i,500n,10000p,200000b,50000s
<C:/Program Files (x86)/MiKTeX 2.9/fonts/type1/public/amsfonts/cm/cmbx10.pfb>
<C:/Program Files (x86)/MiKTeX 2.9/fonts/type1/public/amsfonts/cm/cmcsc10.pfb><
C:/Program Files (x86)/MiKTeX 2.9/fonts/type1/public/amsfonts/cm/cmex10.pfb><C:
/Program Files (x86)/MiKTeX 2.9/fonts/type1/public/amsfonts/cm/cmmi10.pfb><C:/P
rogram Files (x86)/MiKTeX 2.9/fonts/type1/public/amsfonts/cm/cmmi6.pfb><C:/Prog
ram Files (x86)/MiKTeX 2.9/fonts/type1/public/amsfonts/cm/cmmi8.pfb><C:/Program
 Files (x86)/MiKTeX 2.9/fonts/type1/public/amsfonts/cm/cmr10.pfb><C:/Program Fi
les (x86)/MiKTeX 2.9/fonts/type1/public/amsfonts/cm/cmr12.pfb><C:/Program Files
 (x86)/MiKTeX 2.9/fonts/type1/public/amsfonts/cm/cmr6.pfb><C:/Program Files (x8
6)/MiKTeX 2.9/fonts/type1/public/amsfonts/cm/cmr8.pfb><C:/Program Files (x86)/M
iKTeX 2.9/fonts/type1/public/amsfonts/cm/cmr9.pfb><C:/Program Files (x86)/MiKTe
X 2.9/fonts/type1/public/amsfonts/cm/cmsy10.pfb><C:/Program Files (x86)/MiKTeX 
2.9/fonts/type1/public/amsfonts/cm/cmsy6.pfb><C:/Program Files (x86)/MiKTeX 2.9
/fonts/type1/public/amsfonts/cm/cmsy8.pfb><C:/Program Files (x86)/MiKTeX 2.9/fo
nts/type1/public/amsfonts/cm/cmti10.pfb>
Output written on thesis.pdf (81 pages, 1025072 bytes).
PDF statistics:
 354 PDF objects out of 1000 (max. 8388607)
 0 named destinations out of 1000 (max. 500000)
 76 words of extra memory for PDF output out of 10000 (max. 10000000)

